<?xml version="1.0" encoding="UTF-8"?>
<!-- Generated by org.testng.reporters.JUnitXMLReporter -->
<testsuite ignored="0" hostname="DESKTOP-0A29C9K" failures="0" tests="5" name="Default test" time="68.058" errors="0" timestamp="22 Apr 2024 03:04:49 GMT">
  <testcase classname="AutomatedCalculator.CalculatorAutomate" name="Addition" time="9.739"/>
  <testcase classname="AutomatedCalculator.CalculatorAutomate" name="Combination" time="19.599"/>
  <testcase classname="AutomatedCalculator.CalculatorAutomate" name="Division" time="15.777"/>
  <testcase classname="AutomatedCalculator.CalculatorAutomate" name="Multiplication" time="9.764"/>
  <testcase classname="AutomatedCalculator.CalculatorAutomate" name="Subtraction" time="9.796"/>
</testsuite> <!-- Default test -->
